[23May2025 00:00:18.681] [Worker-Main-186/WARN] [net.minecraft.server.level.WorldGenRegion/]: Tried to access a block entity before it was created. BlockPos{x=-1195, y=70, z=-668}
[23May2025 00:00:18.684] [Worker-Main-186/WARN] [net.minecraft.server.level.WorldGenRegion/]: Tried to access a block entity before it was created. BlockPos{x=-1195, y=70, z=-668}
[23May2025 00:00:18.684] [Worker-Main-186/WARN] [net.minecraft.server.level.WorldGenRegion/]: Tried to access a block entity before it was created. BlockPos{x=-1197, y=78, z=-668}
[23May2025 00:00:18.685] [Worker-Main-186/WARN] [net.minecraft.server.level.WorldGenRegion/]: Tried to access a block entity before it was created. BlockPos{x=-1197, y=78, z=-668}
[23May2025 00:00:18.685] [Worker-Main-186/WARN] [net.minecraft.server.level.WorldGenRegion/]: Tried to access a block entity before it was created. BlockPos{x=-1195, y=70, z=-668}
[23May2025 00:00:18.685] [Worker-Main-186/WARN] [net.minecraft.server.level.WorldGenRegion/]: Tried to access a block entity before it was created. BlockPos{x=-1197, y=78, z=-668}
[23May2025 00:12:11.448] [Server thread/INFO] [net.minecraft.server.MinecraftServer/]: danyboydark has made the advancement [advancements.minecells.elite]
[23May2025 00:12:53.151] [Server thread/INFO] [net.minecraft.server.MinecraftServer/]: danyboydark has made the advancement [advancements.minecells.vine_rune]
[23May2025 00:17:40.516] [Server thread/WARN] [net.minecraft.server.network.ServerGamePacketListenerImpl/]: danyboydark moved too quickly! 4.7401069225190895,-39.5,6.137499988079071
[23May2025 00:36:53.172] [Server thread/INFO] [net.minecraft.server.MinecraftServer/]: danyboydark has made the advancement [advancements.minecells.insufferable_crypt]
[23May2025 00:36:53.837] [Server thread/WARN] [net.minecraft.server.network.ServerGamePacketListenerImpl/]: danyboydark moved too quickly! -0.9230431633483249,-6.5,-79.86250001192093
[23May2025 00:43:39.919] [Server thread/WARN] [net.minecraft.server.network.ServerGamePacketListenerImpl/]: Spectral Steed (vehicle of danyboydark) moved wrongly! 0.26929691528505373
[23May2025 00:43:39.966] [Server thread/WARN] [net.minecraft.server.network.ServerGamePacketListenerImpl/]: Spectral Steed (vehicle of danyboydark) moved wrongly! 0.8716691816226785
[23May2025 00:43:40.058] [Server thread/WARN] [net.minecraft.server.network.ServerGamePacketListenerImpl/]: Spectral Steed (vehicle of danyboydark) moved wrongly! 1.0
[23May2025 00:43:40.157] [Server thread/WARN] [net.minecraft.server.network.ServerGamePacketListenerImpl/]: Spectral Steed (vehicle of danyboydark) moved wrongly! 1.0
[23May2025 00:44:56.064] [Server thread/WARN] [net.minecraft.server.network.ServerGamePacketListenerImpl/]: Spectral Steed (vehicle of danyboydark) moved wrongly! 0.2863403392522059
[23May2025 00:44:56.115] [Server thread/WARN] [net.minecraft.server.network.ServerGamePacketListenerImpl/]: Spectral Steed (vehicle of danyboydark) moved wrongly! 0.7258956850276945
[23May2025 00:44:56.207] [Server thread/WARN] [net.minecraft.server.network.ServerGamePacketListenerImpl/]: Spectral Steed (vehicle of danyboydark) moved wrongly! 0.9468410707812609
[23May2025 00:45:20.858] [Server thread/WARN] [net.minecraft.server.network.ServerGamePacketListenerImpl/]: Spectral Steed (vehicle of danyboydark) moved wrongly! 0.2538169132035364
[23May2025 00:45:20.958] [Server thread/WARN] [net.minecraft.server.network.ServerGamePacketListenerImpl/]: Spectral Steed (vehicle of danyboydark) moved wrongly! 0.2627821588177994
[23May2025 00:45:21.008] [Server thread/WARN] [net.minecraft.server.network.ServerGamePacketListenerImpl/]: Spectral Steed (vehicle of danyboydark) moved wrongly! 0.6916231757606965
[23May2025 00:45:21.050] [Server thread/WARN] [net.minecraft.server.network.ServerGamePacketListenerImpl/]: Spectral Steed (vehicle of danyboydark) moved wrongly! 0.28569969985892385
[23May2025 00:46:08.505] [Server thread/WARN] [net.minecraft.server.network.ServerGamePacketListenerImpl/]: Spectral Steed (vehicle of danyboydark) moved wrongly! 0.26481215294211324
[23May2025 00:46:08.557] [Server thread/WARN] [net.minecraft.server.network.ServerGamePacketListenerImpl/]: Spectral Steed (vehicle of danyboydark) moved wrongly! 0.6347592313532004
[23May2025 00:46:08.566] [Server thread/WARN] [net.minecraft.server.network.ServerGamePacketListenerImpl/]: Spectral Steed (vehicle of danyboydark) moved wrongly! 0.9433695755151348
[23May2025 00:46:27.766] [Server thread/WARN] [net.minecraft.server.network.ServerGamePacketListenerImpl/]: Spectral Steed (vehicle of danyboydark) moved wrongly! 0.33260377127123775
[23May2025 00:46:27.816] [Server thread/WARN] [net.minecraft.server.network.ServerGamePacketListenerImpl/]: Spectral Steed (vehicle of danyboydark) moved wrongly! 1.015474419530392
[23May2025 00:46:57.718] [Server thread/WARN] [net.minecraft.server.network.ServerGamePacketListenerImpl/]: Spectral Steed (vehicle of danyboydark) moved wrongly! 0.2846946113231752
[23May2025 00:46:57.809] [Server thread/WARN] [net.minecraft.server.network.ServerGamePacketListenerImpl/]: Spectral Steed (vehicle of danyboydark) moved wrongly! 0.5312420265881883
[23May2025 00:46:57.859] [Server thread/WARN] [net.minecraft.server.network.ServerGamePacketListenerImpl/]: Spectral Steed (vehicle of danyboydark) moved wrongly! 0.6917000568987532
[23May2025 00:47:43.118] [Server thread/WARN] [net.minecraft.server.network.ServerGamePacketListenerImpl/]: Spectral Steed (vehicle of danyboydark) moved wrongly! 0.30974191473694646
[23May2025 00:47:43.259] [Server thread/WARN] [net.minecraft.server.network.ServerGamePacketListenerImpl/]: Spectral Steed (vehicle of danyboydark) moved wrongly! 0.36501050185961503
[23May2025 00:49:56.159] [Server thread/INFO] [net.minecraft.server.MinecraftServer/]: danyboydark has made the advancement [advancements.minecells.conjunctivius]
[23May2025 00:54:15.070] [Server thread/WARN] [net.minecraft.server.network.ServerGamePacketListenerImpl/]: danyboydark moved too quickly! 1.040459898009999,8.5,82.13749998807907
[23May2025 00:54:38.224] [Server thread/WARN] [net.minecraft.server.network.ServerGamePacketListenerImpl/]: danyboydark moved too quickly! -1.2627831774992728,-6.5,-79.86250001192093
[23May2025 00:56:04.757] [Server thread/WARN] [com.github.mim1q.minecells.MineCells/]: Player danyboydark tried to craft minecells:cell_crafter/gear/hattoris_katana without having the required items
[23May2025 00:57:36.355] [Server thread/INFO] [net.minecraft.server.MinecraftServer/]: Stopping server
[23May2025 00:57:36.360] [Server thread/INFO] [net.minecraft.server.MinecraftServer/]: Saving players
[23May2025 00:57:36.374] [Server thread/INFO] [net.minecraft.server.network.ServerGamePacketListenerImpl/]: danyboydark lost connection: Server closed
[23May2025 00:57:36.374] [Server thread/INFO] [net.minecraft.server.MinecraftServer/]: danyboydark left the game
[23May2025 00:57:36.393] [Server thread/INFO] [net.minecraft.server.MinecraftServer/]: Saving worlds
